# JRE version: OpenJDK Runtime Environment (17.0.10) (build 17.0.10+0--11572160)
# Java VM: OpenJDK 64-Bit Server VM (17.0.10+0--11572160, mixed mode, tiered, compressed oops, compressed class ptrs, g1 gc, windows-amd64)
GC Precious Log:
 CPUs: 8 total, 8 available
 Memory: 7769M
 Large Page Support: Disabled
 NUMA Support: Disabled
 Compressed Oops: Enabled (32-bit)
 Heap Region Size: 1M
 Heap Min Capacity: 8M
 Heap Initial Capacity: 122M
 Heap Max Capacity: 2G
 Pre-touch: Disabled
 Parallel Workers: 8
 Concurrent Workers: 2
 Concurrent Refinement Workers: 8
 Periodic GC: Disabled
Heap:
 garbage-first heap   total 367616K, used 145672K [0x0000000080000000, 0x0000000100000000)
  region size 1024K, 3 young (3072K), 3 survivors (3072K)
 Metaspace       used 132495K, committed 133440K, reserved 1179648K
  class space    used 17927K, committed 18368K, reserved 1048576K
GC Heap History (20 events):
Event: 267.318 GC heap after
{Heap after GC invocations=46 (full 0):
 garbage-first heap   total 325632K, used 171493K [0x0000000080000000, 0x0000000100000000)
  region size 1024K, 6 young (6144K), 6 survivors (6144K)
 Metaspace       used 129729K, committed 130624K, reserved 1179648K
  class space    used 17783K, committed 18176K, reserved 1048576K
}
Event: 267.369 GC heap before
{Heap before GC invocations=46 (full 0):
 garbage-first heap   total 325632K, used 180709K [0x0000000080000000, 0x0000000100000000)
  region size 1024K, 15 young (15360K), 6 survivors (6144K)
 Metaspace       used 129868K, committed 130752K, reserved 1179648K
  class space    used 17792K, committed 18176K, reserved 1048576K
}
Event: 267.429 GC heap after
{Heap after GC invocations=47 (full 0):
 garbage-first heap   total 325632K, used 142830K [0x0000000080000000, 0x0000000100000000)
  region size 1024K, 1 young (1024K), 1 survivors (1024K)
 Metaspace       used 129868K, committed 130752K, reserved 1179648K
  class space    used 17792K, committed 18176K, reserved 1048576K
}
Event: 268.542 GC heap before
{Heap before GC invocations=47 (full 0):
 garbage-first heap   total 325632K, used 255470K [0x0000000080000000, 0x0000000100000000)
  region size 1024K, 112 young (114688K), 1 survivors (1024K)
 Metaspace       used 130978K, committed 131840K, reserved 1179648K
  class space    used 17851K, committed 18240K, reserved 1048576K
}
Event: 268.551 GC heap after
{Heap after GC invocations=48 (full 0):
 garbage-first heap   total 325632K, used 144199K [0x0000000080000000, 0x0000000100000000)
  region size 1024K, 3 young (3072K), 3 survivors (3072K)
 Metaspace       used 130978K, committed 131840K, reserved 1179648K
  class space    used 17851K, committed 18240K, reserved 1048576K
}
Event: 270.185 GC heap before
{Heap before GC invocations=48 (full 0):
 garbage-first heap   total 325632K, used 208711K [0x0000000080000000, 0x0000000100000000)
  region size 1024K, 40 young (40960K), 3 survivors (3072K)
 Metaspace       used 131241K, committed 132096K, reserved 1179648K
  class space    used 17856K, committed 18240K, reserved 1048576K
}
Event: 270.190 GC heap after
{Heap after GC invocations=49 (full 0):
 garbage-first heap   total 325632K, used 168062K [0x0000000080000000, 0x0000000100000000)
  region size 1024K, 2 young (2048K), 2 survivors (2048K)
 Metaspace       used 131241K, committed 132096K, reserved 1179648K
  class space    used 17856K, committed 18240K, reserved 1048576K
}
Event: 270.212 GC heap before
{Heap before GC invocations=49 (full 0):
 garbage-first heap   total 325632K, used 188542K [0x0000000080000000, 0x0000000100000000)
  region size 1024K, 3 young (3072K), 2 survivors (2048K)
 Metaspace       used 131241K, committed 132096K, reserved 1179648K
  class space    used 17856K, committed 18240K, reserved 1048576K
}
Event: 270.217 GC heap after
{Heap after GC invocations=50 (full 0):
 garbage-first heap   total 325632K, used 170046K [0x0000000080000000, 0x0000000100000000)
  region size 1024K, 2 young (2048K), 2 survivors (2048K)
 Metaspace       used 131241K, committed 132096K, reserved 1179648K
  class space    used 17856K, committed 18240K, reserved 1048576K
}
Event: 355.537 GC heap before
{Heap before GC invocations=50 (full 0):
 garbage-first heap   total 325632K, used 277566K [0x0000000080000000, 0x0000000100000000)
  region size 1024K, 104 young (106496K), 2 survivors (2048K)
 Metaspace       used 131745K, committed 132608K, reserved 1179648K
  class space    used 17881K, committed 18304K, reserved 1048576K
}
Event: 355.586 GC heap after
{Heap after GC invocations=51 (full 0):
 garbage-first heap   total 325632K, used 158849K [0x0000000080000000, 0x0000000100000000)
  region size 1024K, 13 young (13312K), 13 survivors (13312K)
 Metaspace       used 131745K, committed 132608K, reserved 1179648K
  class space    used 17881K, committed 18304K, reserved 1048576K
}
Event: 357.388 GC heap before
{Heap before GC invocations=51 (full 0):
 garbage-first heap   total 325632K, used 264321K [0x0000000080000000, 0x0000000100000000)
  region size 1024K, 117 young (119808K), 13 survivors (13312K)
 Metaspace       used 132016K, committed 132928K, reserved 1179648K
  class space    used 17896K, committed 18304K, reserved 1048576K
}
Event: 357.422 GC heap after
{Heap after GC invocations=52 (full 0):
 garbage-first heap   total 325632K, used 168145K [0x0000000080000000, 0x0000000100000000)
  region size 1024K, 12 young (12288K), 12 survivors (12288K)
 Metaspace       used 132016K, committed 132928K, reserved 1179648K
  class space    used 17896K, committed 18304K, reserved 1048576K
}
Event: 357.645 GC heap before
{Heap before GC invocations=52 (full 0):
 garbage-first heap   total 325632K, used 200913K [0x0000000080000000, 0x0000000100000000)
  region size 1024K, 22 young (22528K), 12 survivors (12288K)
 Metaspace       used 132097K, committed 132992K, reserved 1179648K
  class space    used 17896K, committed 18304K, reserved 1048576K
}
Event: 357.658 GC heap after
{Heap after GC invocations=53 (full 0):
 garbage-first heap   total 325632K, used 192766K [0x0000000080000000, 0x0000000100000000)
  region size 1024K, 3 young (3072K), 3 survivors (3072K)
 Metaspace       used 132097K, committed 132992K, reserved 1179648K
  class space    used 17896K, committed 18304K, reserved 1048576K
}
Event: 517.010 GC heap before
{Heap before GC invocations=54 (full 0):
 garbage-first heap   total 367616K, used 296190K [0x0000000080000000, 0x0000000100000000)
  region size 1024K, 81 young (82944K), 3 survivors (3072K)
 Metaspace       used 132427K, committed 133376K, reserved 1179648K
  class space    used 17918K, committed 18368K, reserved 1048576K
}
Event: 517.050 GC heap after
{Heap after GC invocations=55 (full 0):
 garbage-first heap   total 367616K, used 172779K [0x0000000080000000, 0x0000000100000000)
  region size 1024K, 9 young (9216K), 9 survivors (9216K)
 Metaspace       used 132427K, committed 133376K, reserved 1179648K
  class space    used 17918K, committed 18368K, reserved 1048576K
}
Event: 517.145 GC heap before
{Heap before GC invocations=55 (full 0):
 garbage-first heap   total 367616K, used 180971K [0x0000000080000000, 0x0000000100000000)
  region size 1024K, 17 young (17408K), 9 survivors (9216K)
 Metaspace       used 132473K, committed 133440K, reserved 1179648K
  class space    used 17927K, committed 18368K, reserved 1048576K
}
Event: 517.203 GC heap after
{Heap after GC invocations=56 (full 0):
 garbage-first heap   total 367616K, used 140689K [0x0000000080000000, 0x0000000100000000)
  region size 1024K, 2 young (2048K), 2 survivors (2048K)
 Metaspace       used 132473K, committed 133440K, reserved 1179648K
  class space    used 17927K, committed 18368K, reserved 1048576K
}
Event: 517.513 GC heap before
{Heap before GC invocations=56 (full 0):
 garbage-first heap   total 367616K, used 157073K [0x0000000080000000, 0x0000000100000000)
  region size 1024K, 17 young (17408K), 2 survivors (2048K)
 Metaspace       used 132495K, committed 133440K, reserved 1179648K
  class space    used 17927K, committed 18368K, reserved 1048576K
}

